2020-07-19 13:20:29 main com.spdb.ServerApplication Starting ServerApplication on DESKTOP-5ULK92N with PID 19056 (started by liwenyi in E:\spdb\HH_STUDY)
2020-07-19 13:20:29 main com.spdb.ServerApplication No active profile set, falling back to default profiles: default
2020-07-19 13:20:30 main o.s.boot.web.embedded.tomcat.TomcatWebServer Tomcat initialized with port(s): 8081 (http)
2020-07-19 13:20:30 main org.apache.catalina.core.StandardService Starting service [Tomcat]
2020-07-19 13:20:30 main org.apache.catalina.core.StandardEngine Starting Servlet engine: [Apache Tomcat/9.0.30]
2020-07-19 13:20:30 main o.a.c.core.ContainerBase.[Tomcat].[localhost].[/] Initializing Spring embedded WebApplicationContext
2020-07-19 13:20:30 main org.springframework.web.context.ContextLoader Root WebApplicationContext: initialization completed in 1101 ms
2020-07-19 13:20:30 main o.s.scheduling.concurrent.ThreadPoolTaskExecutor Initializing ExecutorService 'applicationTaskExecutor'
2020-07-19 13:20:30 main o.s.boot.web.embedded.tomcat.TomcatWebServer Tomcat started on port(s): 8081 (http) with context path ''
2020-07-19 13:20:30 main com.spdb.ServerApplication Started ServerApplication in 2.212 seconds (JVM running for 3.251)
2020-07-19 13:20:41 http-nio-8081-exec-1 o.a.c.core.ContainerBase.[Tomcat].[localhost].[/] Initializing Spring DispatcherServlet 'dispatcherServlet'
2020-07-19 13:20:41 http-nio-8081-exec-1 org.springframework.web.servlet.DispatcherServlet Initializing Servlet 'dispatcherServlet'
2020-07-19 13:20:41 http-nio-8081-exec-1 org.springframework.web.servlet.DispatcherServlet Completed initialization in 9 ms
2020-07-19 13:20:41 http-nio-8081-exec-1 com.zaxxer.hikari.HikariDataSource HikariPool-1 - Starting...
2020-07-19 13:20:41 http-nio-8081-exec-1 com.zaxxer.hikari.HikariDataSource HikariPool-1 - Start completed.
2020-07-19 13:20:42 http-nio-8081-exec-1 com.spdb.mapper.BookMapper.selectPage ==>  Preparing: SELECT COUNT(1) FROM book WHERE is_delete = 0 
2020-07-19 13:20:42 http-nio-8081-exec-1 com.spdb.mapper.BookMapper.selectPage ==> Parameters: 
2020-07-19 13:20:42 http-nio-8081-exec-1 com.spdb.mapper.BookMapper.selectPage ==>  Preparing: SELECT id,modified_time,create_time,is_delete,price,author,book_name,book_desc FROM book WHERE is_delete=0 ORDER BY modified_time DESC LIMIT ?,? 
2020-07-19 13:20:42 http-nio-8081-exec-1 com.spdb.mapper.BookMapper.selectPage ==> Parameters: 0(Long), 10(Long)
2020-07-19 13:20:42 http-nio-8081-exec-1 com.spdb.mapper.BookMapper.selectPage <==      Total: 10
2020-07-19 13:21:27 http-nio-8081-exec-2 com.spdb.mapper.BookMapper.selectPage ==>  Preparing: SELECT COUNT(1) FROM book WHERE is_delete = 0 
2020-07-19 13:21:27 http-nio-8081-exec-2 com.spdb.mapper.BookMapper.selectPage ==> Parameters: 
2020-07-19 13:21:27 http-nio-8081-exec-2 com.spdb.mapper.BookMapper.selectPage ==>  Preparing: SELECT id,modified_time,create_time,is_delete,price,author,book_name,book_desc FROM book WHERE is_delete=0 ORDER BY modified_time DESC LIMIT ?,? 
2020-07-19 13:21:27 http-nio-8081-exec-2 com.spdb.mapper.BookMapper.selectPage ==> Parameters: 10(Long), 10(Long)
2020-07-19 13:21:27 http-nio-8081-exec-2 com.spdb.mapper.BookMapper.selectPage <==      Total: 10
